  wrap.cpp
C:\Users\Home\source\repos\carwrapper\carwrapper\shader.h(69,54): warning C4244: 'argument': conversion from 'float' to 'GLint', possible loss of data
  (compiling source file 'wrap.cpp')
  
C:\Users\Home\source\repos\carwrapper\carwrapper\wrap.cpp(161,28): warning C4244: 'initializing': conversion from 'double' to 'float', possible loss of data
C:\Users\Home\source\repos\carwrapper\carwrapper\wrap.cpp(200,39): warning C4244: '=': conversion from 'double' to 'float', possible loss of data
C:\Users\Home\source\repos\carwrapper\carwrapper\wrap.cpp(281,42): warning C4244: '=': conversion from 'double' to 'T', possible loss of data
C:\Users\Home\source\repos\carwrapper\carwrapper\wrap.cpp(281,42): warning C4244:         with
C:\Users\Home\source\repos\carwrapper\carwrapper\wrap.cpp(281,42): warning C4244:         [
C:\Users\Home\source\repos\carwrapper\carwrapper\wrap.cpp(281,42): warning C4244:             T=float
C:\Users\Home\source\repos\carwrapper\carwrapper\wrap.cpp(281,42): warning C4244:         ]
C:\Users\Home\source\repos\carwrapper\carwrapper\wrap.cpp(282,42): warning C4244: '=': conversion from 'double' to 'T', possible loss of data
C:\Users\Home\source\repos\carwrapper\carwrapper\wrap.cpp(282,42): warning C4244:         with
C:\Users\Home\source\repos\carwrapper\carwrapper\wrap.cpp(282,42): warning C4244:         [
C:\Users\Home\source\repos\carwrapper\carwrapper\wrap.cpp(282,42): warning C4244:             T=float
C:\Users\Home\source\repos\carwrapper\carwrapper\wrap.cpp(282,42): warning C4244:         ]
C:\Users\Home\source\repos\carwrapper\carwrapper\wrap.cpp(284,22): warning C4244: '=': conversion from 'double' to 'T', possible loss of data
C:\Users\Home\source\repos\carwrapper\carwrapper\wrap.cpp(284,22): warning C4244:         with
C:\Users\Home\source\repos\carwrapper\carwrapper\wrap.cpp(284,22): warning C4244:         [
C:\Users\Home\source\repos\carwrapper\carwrapper\wrap.cpp(284,22): warning C4244:             T=float
C:\Users\Home\source\repos\carwrapper\carwrapper\wrap.cpp(284,22): warning C4244:         ]
LINK : warning LNK4098: defaultlib 'MSVCRT' conflicts with use of other libs; use /NODEFAULTLIB:library
  carwrapper.vcxproj -> C:\Users\Home\source\repos\carwrapper\x64\Debug\carwrapper.exe
